<?xml version="1.0"?>
<xml>
  <FullLog>&lt;h2&gt;Processing All Phones to Asterisk&lt;/h2&gt;&lt;br&gt;Modifying 1 phones.&lt;br&gt;&lt;br&gt;&lt;b&gt;Processing the phone list.&lt;/b&gt;&lt;br&gt;ProcessPhoneList: SEPD0574CF79C7A&lt;br&gt;&lt;br&gt;&lt;b&gt;Result For Phone&lt;/b&gt;&lt;br&gt;Error: 1&lt;br&gt;Log: &lt;p&gt;ProcessPhone(): SEPD0574CF79C7A&lt;br&gt;Phone requires action: ADD&lt;br&gt;&lt;h2&gt;Processing SCCP Phone: SEPD0574CF79C7A&lt;/h2&gt;&lt;b&gt;Adding Phone&lt;/b&gt;&lt;br&gt;AddPhoneAsterisk() called.&lt;br&gt;&lt;br&gt;AddDevice called for:SEPD0574CF79C7A&lt;br&gt;Copying XML Config - Result (0): Success&lt;br&gt;&lt;br&gt;Add Line: 1 1&lt;br&gt;Check if LineAlreadyExists:  - It does NOT exist.Adding sccpline to DB.&lt;br&gt;Saved SccpLine - ID: 1&lt;br&gt;Updating Number and clearing flags.&lt;br&gt;&lt;h3&gt;An Error Occurred.&lt;/h3&gt;&lt;br&gt;&lt;b&gt;Error!!!&lt;/b&gt;&lt;br&gt;&lt;br&gt;&lt;b&gt;Error Message: &lt;/b&gt;SQLSTATE[23000]: Integrity constraint violation: 1062 Duplicate entry 'default-1-1' for key 'context'&lt;br /&gt;&lt;br /&gt;&lt;b&gt;Trace: &lt;/b&gt;#0 /var/www/fuconfig/FUConfig.php(123): PDOStatement-&gt;execute(Array)
#1 /var/www/fuconfig/dataclasses/DataClass.php(78): FUConfig::ExecuteParameterQuery('INSERT INTO ast...', Array)
#2 /var/www/fuconfig/dataclasses/DataClass.php(212): DataClass-&gt;ExecuteQueryParameters('INSERT INTO ast...', Array, true)
#3 /var/www/fuconfig/dataclasses/DataClass.php(71): DataClass-&gt;GenericInsertDB(false)
#4 /var/www/fuconfig/asteriskrealtime/SccpProcessor.php(321): DataClass-&gt;SaveToDB()
#5 /var/www/fuconfig/asteriskrealtime/SccpProcessor.php(303): SccpProcessor-&gt;AddToExtensions(Object(Number), Object(SccpLine))
#6 /var/www/fuconfig/asteriskrealtime/SccpProcessor.php(189): SccpProcessor-&gt;AddLine(Object(SccpPhone), Object(Number))
#7 /var/www/fuconfig/asteriskrealtime/SccpProcessor.php(39): SccpProcessor-&gt;AddPhoneAsterisk(Object(SccpPhone))
#8 /var/www/fuconfig/asteriskrealtime/PhoneProcessor.php(112): SccpProcessor-&gt;ProcessPhone(Object(SccpPhone), 2, Object(Result))
#9 /var/www/fuconfig/asteriskrealtime/PhoneProcessor.php(69): PhoneProcessor-&gt;ProcessPhone(Object(SccpPhone), Object(Result))
#10 /var/www/fuconfig/asteriskrealtime/PhoneProcessor.php(42): PhoneProcessor-&gt;ProcessPhoneList(Object(PhoneList))
#11 /var/www/fuconfig/phone-processing.php(14): PhoneProcessor-&gt;ProcessAllPhones()
#12 {main}&lt;br /&gt;&lt;br /&gt;Unwinding any database adds. (For SCCP: Doesn't do sccpline.)&lt;br&gt;Unwind deleting SCCP Phone&lt;br&gt;&lt;br&gt;DeletePhoneAsterisk() called. Phone: 75&lt;br&gt;&lt;br&gt;RemoveDevice() called. Phone: 75&lt;br&gt;RemoveButtons()SEPD0574CF79C7A&lt;br&gt;&lt;/p&gt;&lt;br&gt;&lt;br&gt;phone_id: 75&lt;br&gt;phone_serial: SEPD0574CF79C7A&lt;br&gt;action: add&lt;br&gt;phone_type_name: SCCP&lt;br&gt;xmlConfig: 0&lt;br&gt;&lt;br&gt;&lt;br&gt;&lt;b&gt;Result For PhoneProcessorResult&lt;/b&gt;&lt;br&gt;Error: 1&lt;br&gt;Log: &lt;p&gt;&lt;/p&gt;&lt;br&gt;&lt;br&gt;totalModified: 1&lt;br&gt;errorCount: 1&lt;br&gt;addedCount: 1&lt;br&gt;editedCount: 0&lt;br&gt;deletedCount: 0&lt;br&gt;&lt;br&gt;&lt;br&gt;Cleaning up deleted items.&lt;br&gt;Cleaning up deleted assignments.&lt;br&gt;Cleaning up deleted phones.&lt;br&gt;Removing unassigned numbers.&lt;br&gt;&lt;b&gt;Result For Directories&lt;/b&gt;&lt;br&gt;Error: 0&lt;br&gt;Log: &lt;p&gt;&lt;br&gt;&lt;h2&gt;Directory Processing&lt;/h2&gt;Processing Directory Theme Camp Directory : campdirectory.xml&lt;br&gt;Replacing file with empty directory.&lt;br&gt;Adding Number: 1 - 1&lt;br&gt;Processing Directory FUT Corporate : FUTcorpdirectory.xml&lt;br&gt;Replacing file with empty directory.&lt;br&gt;Processing Directory Volunteer Departments : departmentdirectory.xml&lt;br&gt;Replacing file with empty directory.&lt;br&gt;Processing Directory Art Cars : artcarsdirectory.xml&lt;br&gt;Replacing file with empty directory.&lt;br&gt;Processing Directory Pay Phones : payphonedirectory.xml&lt;br&gt;Replacing file with empty directory.&lt;br&gt;Processing Directory Public Address : PAdirectory.xml&lt;br&gt;Replacing file with empty directory.&lt;br&gt;Processing Directory Ranger : rangersdirectory.xml&lt;br&gt;Replacing file with empty directory.&lt;br&gt;&lt;/p&gt;&lt;br&gt;&lt;br&gt;&lt;br&gt;&lt;br&gt;&lt;b&gt;Result For ExtensionsProcessor&lt;/b&gt;&lt;br&gt;Error: 0&lt;br&gt;Log: &lt;p&gt;&lt;br&gt;&lt;h2&gt;Extension Processing&lt;/h2&gt;&lt;b&gt;Writing Extensions File: &lt;/b&gt;&lt;br/&gt;Line: SCCP/1
&lt;br /&gt;&lt;br /&gt;&lt;br&gt;&lt;b&gt;Combining Extensions Files Into 1&lt;/b&gt;&lt;br&gt;&lt;/p&gt;&lt;br&gt;&lt;br&gt;&lt;br&gt;&lt;br&gt;&lt;b&gt;Result For HintsProcessor&lt;/b&gt;&lt;br&gt;Error: 0&lt;br&gt;Log: &lt;p&gt;&lt;br&gt;&lt;h2&gt;Hints Processing&lt;/h2&gt;&lt;b&gt;Writing Hints File: &lt;/b&gt;&lt;br/&gt;Line: exten =&gt; 1,hint,SCCP/1
&lt;br /&gt;&lt;br /&gt;&lt;h3&gt;Reloading Dialplan&lt;h3&gt;&lt;br&gt;Dialplan reloaded.
Asterisk ending (0).
&lt;/p&gt;&lt;br&gt;&lt;br&gt;&lt;br&gt;&lt;br&gt;&lt;b&gt;Result For ButtonsProcessor&lt;/b&gt;&lt;br&gt;Error: 0&lt;br&gt;Log: &lt;p&gt;&lt;br&gt;&lt;h2&gt;Buttons Processing&lt;/h2&gt;&lt;b&gt;Writing Buttons File: &lt;/b&gt;&lt;br/&gt;Line: button - speeddial, 1, 1, 1@hints
&lt;br /&gt;&lt;br /&gt;&lt;br&gt;&lt;b&gt;Combining Buttons Files Into 1&lt;/b&gt;&lt;br&gt;&lt;br&gt;&lt;b&gt;Generating 7960/7965 lists&lt;/b&gt;&lt;br&gt;Writing Buttons File
Writing 7965 Buttons List
&lt;/p&gt;&lt;br&gt;&lt;br&gt;&lt;br&gt;</FullLog>
  <TimeStamp>2019-10-08_0312am</TimeStamp>
  <Phone>
    <error>1</error>
    <log>ProcessPhone(): SEPD0574CF79C7A&lt;br&gt;Phone requires action: ADD&lt;br&gt;&lt;h2&gt;Processing SCCP Phone: SEPD0574CF79C7A&lt;/h2&gt;&lt;b&gt;Adding Phone&lt;/b&gt;&lt;br&gt;AddPhoneAsterisk() called.&lt;br&gt;&lt;br&gt;AddDevice called for:SEPD0574CF79C7A&lt;br&gt;Copying XML Config - Result (0): Success&lt;br&gt;&lt;br&gt;Add Line: 1 1&lt;br&gt;Check if LineAlreadyExists:  - It does NOT exist.Adding sccpline to DB.&lt;br&gt;Saved SccpLine - ID: 1&lt;br&gt;Updating Number and clearing flags.&lt;br&gt;&lt;h3&gt;An Error Occurred.&lt;/h3&gt;&lt;br&gt;&lt;b&gt;Error!!!&lt;/b&gt;&lt;br&gt;&lt;br&gt;&lt;b&gt;Error Message: &lt;/b&gt;SQLSTATE[23000]: Integrity constraint violation: 1062 Duplicate entry 'default-1-1' for key 'context'&lt;br /&gt;&lt;br /&gt;&lt;b&gt;Trace: &lt;/b&gt;#0 /var/www/fuconfig/FUConfig.php(123): PDOStatement-&gt;execute(Array)
#1 /var/www/fuconfig/dataclasses/DataClass.php(78): FUConfig::ExecuteParameterQuery('INSERT INTO ast...', Array)
#2 /var/www/fuconfig/dataclasses/DataClass.php(212): DataClass-&gt;ExecuteQueryParameters('INSERT INTO ast...', Array, true)
#3 /var/www/fuconfig/dataclasses/DataClass.php(71): DataClass-&gt;GenericInsertDB(false)
#4 /var/www/fuconfig/asteriskrealtime/SccpProcessor.php(321): DataClass-&gt;SaveToDB()
#5 /var/www/fuconfig/asteriskrealtime/SccpProcessor.php(303): SccpProcessor-&gt;AddToExtensions(Object(Number), Object(SccpLine))
#6 /var/www/fuconfig/asteriskrealtime/SccpProcessor.php(189): SccpProcessor-&gt;AddLine(Object(SccpPhone), Object(Number))
#7 /var/www/fuconfig/asteriskrealtime/SccpProcessor.php(39): SccpProcessor-&gt;AddPhoneAsterisk(Object(SccpPhone))
#8 /var/www/fuconfig/asteriskrealtime/PhoneProcessor.php(112): SccpProcessor-&gt;ProcessPhone(Object(SccpPhone), 2, Object(Result))
#9 /var/www/fuconfig/asteriskrealtime/PhoneProcessor.php(69): PhoneProcessor-&gt;ProcessPhone(Object(SccpPhone), Object(Result))
#10 /var/www/fuconfig/asteriskrealtime/PhoneProcessor.php(42): PhoneProcessor-&gt;ProcessPhoneList(Object(PhoneList))
#11 /var/www/fuconfig/phone-processing.php(14): PhoneProcessor-&gt;ProcessAllPhones()
#12 {main}&lt;br /&gt;&lt;br /&gt;Unwinding any database adds. (For SCCP: Doesn't do sccpline.)&lt;br&gt;Unwind deleting SCCP Phone&lt;br&gt;&lt;br&gt;DeletePhoneAsterisk() called. Phone: 75&lt;br&gt;&lt;br&gt;RemoveDevice() called. Phone: 75&lt;br&gt;RemoveButtons()SEPD0574CF79C7A&lt;br&gt;</log>
    <phone_id>75</phone_id>
    <phone_serial>SEPD0574CF79C7A</phone_serial>
    <action>add</action>
    <phone_type_name>SCCP</phone_type_name>
    <xmlConfig>0</xmlConfig>
  </Phone>
  <PhoneProcessorResult>
    <error>1</error>
    <log/>
    <totalModified>1</totalModified>
    <errorCount>1</errorCount>
    <addedCount>1</addedCount>
    <editedCount>0</editedCount>
    <deletedCount>0</deletedCount>
    <deletedAssignments>0</deletedAssignments>
    <deletedPhones>0</deletedPhones>
    <unassignedCount>0</unassignedCount>
  </PhoneProcessorResult>
  <Directories>
    <error>0</error>
    <log>&lt;br&gt;&lt;h2&gt;Directory Processing&lt;/h2&gt;Processing Directory Theme Camp Directory : campdirectory.xml&lt;br&gt;Replacing file with empty directory.&lt;br&gt;Adding Number: 1 - 1&lt;br&gt;Processing Directory FUT Corporate : FUTcorpdirectory.xml&lt;br&gt;Replacing file with empty directory.&lt;br&gt;Processing Directory Volunteer Departments : departmentdirectory.xml&lt;br&gt;Replacing file with empty directory.&lt;br&gt;Processing Directory Art Cars : artcarsdirectory.xml&lt;br&gt;Replacing file with empty directory.&lt;br&gt;Processing Directory Pay Phones : payphonedirectory.xml&lt;br&gt;Replacing file with empty directory.&lt;br&gt;Processing Directory Public Address : PAdirectory.xml&lt;br&gt;Replacing file with empty directory.&lt;br&gt;Processing Directory Ranger : rangersdirectory.xml&lt;br&gt;Replacing file with empty directory.&lt;br&gt;</log>
  </Directories>
  <ExtensionsProcessor>
    <error>0</error>
    <log>&lt;br&gt;&lt;h2&gt;Extension Processing&lt;/h2&gt;&lt;b&gt;Writing Extensions File: &lt;/b&gt;&lt;br/&gt;Line: SCCP/1
&lt;br /&gt;&lt;br /&gt;&lt;br&gt;&lt;b&gt;Combining Extensions Files Into 1&lt;/b&gt;&lt;br&gt;</log>
  </ExtensionsProcessor>
  <HintsProcessor>
    <error>0</error>
    <log>&lt;br&gt;&lt;h2&gt;Hints Processing&lt;/h2&gt;&lt;b&gt;Writing Hints File: &lt;/b&gt;&lt;br/&gt;Line: exten =&gt; 1,hint,SCCP/1
&lt;br /&gt;&lt;br /&gt;&lt;h3&gt;Reloading Dialplan&lt;h3&gt;&lt;br&gt;Dialplan reloaded.
Asterisk ending (0).
</log>
  </HintsProcessor>
  <ButtonsProcessor>
    <error>0</error>
    <log>&lt;br&gt;&lt;h2&gt;Buttons Processing&lt;/h2&gt;&lt;b&gt;Writing Buttons File: &lt;/b&gt;&lt;br/&gt;Line: button - speeddial, 1, 1, 1@hints
&lt;br /&gt;&lt;br /&gt;&lt;br&gt;&lt;b&gt;Combining Buttons Files Into 1&lt;/b&gt;&lt;br&gt;&lt;br&gt;&lt;b&gt;Generating 7960/7965 lists&lt;/b&gt;&lt;br&gt;Writing Buttons File
Writing 7965 Buttons List
</log>
  </ButtonsProcessor>
</xml>
