<?xml version="1.0"?>
<xml>
  <FullLog>&lt;h2&gt;Processing All Phones to Asterisk&lt;/h2&gt;&lt;br&gt;Modifying 1 phones.&lt;br&gt;&lt;br&gt;&lt;b&gt;Processing the phone list.&lt;/b&gt;&lt;br&gt;ProcessPhoneList: 000F9F18ABFA&lt;br&gt;&lt;br&gt;&lt;b&gt;Result For Phone&lt;/b&gt;&lt;br&gt;Error: 1&lt;br&gt;Log: &lt;p&gt;ProcessPhone(): 000F9F18ABFA&lt;br&gt;Phone requires action: ADD&lt;br&gt;&lt;h2&gt;Processing SIP Phone: 000F9F18ABFA&lt;/h2&gt;&lt;b&gt;Adding Phone&lt;/b&gt;&lt;br&gt;Adding Phone: 000F9F18ABFA&lt;br&gt;Adding number to asterisk: 5282 - Lava Lounge&lt;br&gt;&lt;h3&gt;An Error Occurred.&lt;/h3&gt;&lt;br&gt;&lt;b&gt;Error!!!&lt;/b&gt;&lt;br&gt;&lt;br&gt;&lt;b&gt;Error Message: &lt;/b&gt;SQLSTATE[23000]: Integrity constraint violation: 1062 Duplicate entry 'default-5282-1' for key 'context'&lt;br /&gt;&lt;br /&gt;&lt;b&gt;Trace: &lt;/b&gt;#0 /var/www/fuconfig/FUConfig.php(123): PDOStatement-&gt;execute(Array)
#1 /var/www/fuconfig/dataclasses/DataClass.php(78): FUConfig::ExecuteParameterQuery('INSERT INTO ast...', Array)
#2 /var/www/fuconfig/dataclasses/DataClass.php(212): DataClass-&gt;ExecuteQueryParameters('INSERT INTO ast...', Array, true)
#3 /var/www/fuconfig/dataclasses/DataClass.php(71): DataClass-&gt;GenericInsertDB(false)
#4 /var/www/fuconfig/asteriskrealtime/SipProcessor.php(159): DataClass-&gt;SaveToDB()
#5 /var/www/fuconfig/asteriskrealtime/SipProcessor.php(87): SipProcessor-&gt;AddToExtensions(Object(Number))
#6 /var/www/fuconfig/asteriskrealtime/SipProcessor.php(50): SipProcessor-&gt;AddToAsterisk(Object(SipPhone), Object(Number))
#7 /var/www/fuconfig/asteriskrealtime/SipProcessor.php(31): SipProcessor-&gt;AddPhone(Object(SipPhone))
#8 /var/www/fuconfig/asteriskrealtime/PhoneProcessor.php(117): SipProcessor-&gt;ProcessPhone(Object(SipPhone), 2, Object(Result))
#9 /var/www/fuconfig/asteriskrealtime/PhoneProcessor.php(69): PhoneProcessor-&gt;ProcessPhone(Object(SipPhone), Object(Result))
#10 /var/www/fuconfig/asteriskrealtime/PhoneProcessor.php(42): PhoneProcessor-&gt;ProcessPhoneList(Object(PhoneList))
#11 /var/www/fuconfig/phone-processing.php(14): PhoneProcessor-&gt;ProcessAllPhones()
#12 {main}&lt;br /&gt;&lt;br /&gt;Unwinding any database adds. (For SCCP: Doesn't do sccpline.)&lt;br&gt;Unwind deleting SIP Phone&lt;br&gt;Deleting Phone: 000F9F18ABFA&lt;br&gt;Deleting data from asterisk for number: 5282 - Lava Lounge. Sippeer id: 441&lt;br&gt;Removing SIP phone by name.000F9F18ABFA&lt;br&gt;&lt;/p&gt;&lt;br&gt;&lt;br&gt;phone_id: 106&lt;br&gt;phone_serial: 000F9F18ABFA&lt;br&gt;action: add&lt;br&gt;phone_type_name: SIP&lt;br&gt;&lt;br&gt;&lt;br&gt;&lt;b&gt;Result For PhoneProcessorResult&lt;/b&gt;&lt;br&gt;Error: 1&lt;br&gt;Log: &lt;p&gt;&lt;/p&gt;&lt;br&gt;&lt;br&gt;totalModified: 1&lt;br&gt;errorCount: 1&lt;br&gt;addedCount: 1&lt;br&gt;editedCount: 0&lt;br&gt;deletedCount: 0&lt;br&gt;&lt;br&gt;&lt;br&gt;Cleaning up deleted items.&lt;br&gt;Cleaning up deleted assignments.&lt;br&gt;Cleaning up deleted phones.&lt;br&gt;Removing unassigned numbers.&lt;br&gt;&lt;b&gt;Result For Directories&lt;/b&gt;&lt;br&gt;Error: 0&lt;br&gt;Log: &lt;p&gt;&lt;br&gt;&lt;h2&gt;Directory Processing&lt;/h2&gt;Processing Directory Theme Camp Directory : campdirectory.xml&lt;br&gt;Replacing file with empty directory.&lt;br&gt;Adding Number: Bad Bitch - 69420&lt;br&gt;Adding Number: Beer and Darts - 2337&lt;br&gt;Adding Number: Camp Camp - 7722672267&lt;br&gt;Adding Number: CamPINK - 2267465&lt;br&gt;Adding Number: Casbah - 227224&lt;br&gt;Adding Number: ChillTheFuckOut - 2836&lt;br&gt;Adding Number: Circle of Water - 938&lt;br&gt;Adding Number: CosmicCreatures - 267642&lt;br&gt;Adding Number: CUDL - 2835&lt;br&gt;Adding Number: Dad Camp - 323&lt;br&gt;Adding Number: FaceLazers - 5683&lt;br&gt;Adding Number: In Burning Color - 55526567&lt;br&gt;Adding Number: Jammie Camp - 52669&lt;br&gt;Adding Number: KFLIP - 1005&lt;br&gt;Adding Number: Lava Lounge - 5282&lt;br&gt;Adding Number: Liminal - 6277243&lt;br&gt;Adding Number: Misfits - 18006473487&lt;br&gt;Adding Number: P Hash House - 7976&lt;br&gt;Adding Number: Sensation Station - 736782&lt;br&gt;Adding Number: So Sassy - 208&lt;br&gt;Adding Number: Spin Camp - 7746&lt;br&gt;Adding Number: Stamp Camp - 7826763&lt;br&gt;Adding Number: Sultry Sloth - 756847&lt;br&gt;Adding Number: The Dhaba - 8433&lt;br&gt;Adding Number: Tiki Tiki - 18003282868&lt;br&gt;Adding Number: Tinder - 786&lt;br&gt;Adding Number: WallysCorndogs - 3663&lt;br&gt;Adding Number: Winners Circle - 11111&lt;br&gt;Adding Number: Wonderlounge - 95&lt;br&gt;Adding Number: Yayborhood - 929&lt;br&gt;Processing Directory FUT Corporate : FUTcorpdirectory.xml&lt;br&gt;Replacing file with empty directory.&lt;br&gt;Adding Number: COLLECTIONS - 2655328&lt;br&gt;Adding Number: Cust Disservice - 3825968&lt;br&gt;Adding Number: FUT SALES - 4383858&lt;br&gt;Adding Number: OPERATOR - 0&lt;br&gt;Processing Directory Volunteer Departments : departmentdirectory.xml&lt;br&gt;Replacing file with empty directory.&lt;br&gt;Adding Number: ICE - 423&lt;br&gt;Adding Number: VAS - 18002254827&lt;br&gt;Processing Directory Art : artcarsdirectory.xml&lt;br&gt;Replacing file with empty directory.&lt;br&gt;Adding Number: R BurnhardAss - 3425&lt;br&gt;Adding Number: tester - 12345&lt;br&gt;Processing Directory Pay Phones : payphonedirectory.xml&lt;br&gt;Replacing file with empty directory.&lt;br&gt;Adding Number: East Payphone - 3802&lt;br&gt;Adding Number: Effigy Payphone - 3801&lt;br&gt;Adding Number: West Payphone - 3807&lt;br&gt;Adding Number: X Roads Payphone - 3806&lt;br&gt;Processing Directory Public Address : PAdirectory.xml&lt;br&gt;Replacing file with empty directory.&lt;br&gt;Processing Directory Ranger : rangersdirectory.xml&lt;br&gt;Replacing file with empty directory.&lt;br&gt;Adding Number: RANGER HQ - 999&lt;br&gt;&lt;/p&gt;&lt;br&gt;&lt;br&gt;&lt;br&gt;&lt;br&gt;&lt;b&gt;Result For ExtensionsProcessor&lt;/b&gt;&lt;br&gt;Error: 0&lt;br&gt;Log: &lt;p&gt;&lt;br&gt;&lt;h2&gt;Extension Processing&lt;/h2&gt;&lt;b&gt;Writing Extensions File: &lt;/b&gt;&lt;br/&gt;Line: SCCP/2655328
&lt;br /&gt;Line: SCCP/4383858
&lt;br /&gt;Line: SCCP/3825968
&lt;br /&gt;Line: SCCP/0
&lt;br /&gt;Line: SCCP/3807
&lt;br /&gt;Line: SCCP/3802
&lt;br /&gt;Line: SCCP/3801
&lt;br /&gt;Line: SCCP/3806
&lt;br /&gt;Line: SIP/12345
&lt;br /&gt;Line: SCCP/2337
&lt;br /&gt;Line: SCCP/5683
&lt;br /&gt;Line: SCCP/7722672267
&lt;br /&gt;Line: SCCP/786
&lt;br /&gt;Line: SCCP/2835
&lt;br /&gt;Line: SCCP/8433
&lt;br /&gt;Line: SCCP/3663
&lt;br /&gt;Line: SCCP/55526567
&lt;br /&gt;Line: SCCP/929
&lt;br /&gt;Line: SCCP/208
&lt;br /&gt;Line: SCCP/7746
&lt;br /&gt;Line: SCCP/52669
&lt;br /&gt;Line: SCCP/323
&lt;br /&gt;Line: SCCP/11111
&lt;br /&gt;Line: SCCP/756847
&lt;br /&gt;Line: SCCP/736782
&lt;br /&gt;Line: SCCP/938
&lt;br /&gt;Line: SCCP/227224
&lt;br /&gt;Line: SCCP/5282
&lt;br /&gt;Line: SCCP/6277243
&lt;br /&gt;Line: SCCP/2836
&lt;br /&gt;Line: SCCP/423
&lt;br /&gt;Line: SCCP/69420
&lt;br /&gt;Line: SCCP/18006473487
&lt;br /&gt;Line: SCCP/18003282868
&lt;br /&gt;Line: SCCP/267642
&lt;br /&gt;Line: SCCP/7976
&lt;br /&gt;Line: SCCP/18002254827
&lt;br /&gt;Line: SIP/2267465
&lt;br /&gt;Line: SCCP/7826763
&lt;br /&gt;Line: SIP/1005
&lt;br /&gt;Line: SIP/3425
&lt;br /&gt;Line: SIP/95
&lt;br /&gt;&lt;br /&gt;&lt;br&gt;&lt;b&gt;Combining Extensions Files Into 1&lt;/b&gt;&lt;br&gt;&lt;/p&gt;&lt;br&gt;&lt;br&gt;&lt;br&gt;&lt;br&gt;&lt;b&gt;Result For HintsProcessor&lt;/b&gt;&lt;br&gt;Error: 0&lt;br&gt;Log: &lt;p&gt;&lt;br&gt;&lt;h2&gt;Hints Processing&lt;/h2&gt;&lt;b&gt;Writing Hints File: &lt;/b&gt;&lt;br/&gt;Line: exten =&gt; 2655328,hint,SCCP/2655328
&lt;br /&gt;Line: exten =&gt; 4383858,hint,SCCP/4383858
&lt;br /&gt;Line: exten =&gt; 3825968,hint,SCCP/3825968
&lt;br /&gt;Line: exten =&gt; 0,hint,SCCP/0
&lt;br /&gt;Line: exten =&gt; 999,hint,SCCP/999
&lt;br /&gt;Line: exten =&gt; 3807,hint,SCCP/3807
&lt;br /&gt;Line: exten =&gt; 3802,hint,SCCP/3802
&lt;br /&gt;Line: exten =&gt; 3801,hint,SCCP/3801
&lt;br /&gt;Line: exten =&gt; 3806,hint,SCCP/3806
&lt;br /&gt;Line: exten =&gt; 12345,hint,SIP/test
&lt;br /&gt;Line: exten =&gt; 7201,hint,SIP/PA36
&lt;br /&gt;Line: exten =&gt; 7202,hint,SIP/PA6
&lt;br /&gt;Line: exten =&gt; 7203,hint,SIP/PA12
&lt;br /&gt;Line: exten =&gt; 9665,hint,SIP/zonk
&lt;br /&gt;Line: exten =&gt; 2337,hint,SCCP/2337
&lt;br /&gt;Line: exten =&gt; 5683,hint,SCCP/5683
&lt;br /&gt;Line: exten =&gt; 7722672267,hint,SCCP/7722672267
&lt;br /&gt;Line: exten =&gt; 786,hint,SCCP/786
&lt;br /&gt;Line: exten =&gt; 2835,hint,SCCP/2835
&lt;br /&gt;Line: exten =&gt; 8433,hint,SCCP/8433
&lt;br /&gt;Line: exten =&gt; 3663,hint,SCCP/3663
&lt;br /&gt;Line: exten =&gt; 55526567,hint,SCCP/55526567
&lt;br /&gt;Line: exten =&gt; 929,hint,SCCP/929
&lt;br /&gt;Line: exten =&gt; 208,hint,SCCP/208
&lt;br /&gt;Line: exten =&gt; 7746,hint,SCCP/7746
&lt;br /&gt;Line: exten =&gt; 52669,hint,SCCP/52669
&lt;br /&gt;Line: exten =&gt; 323,hint,SCCP/323
&lt;br /&gt;Line: exten =&gt; 11111,hint,SCCP/11111
&lt;br /&gt;Line: exten =&gt; 756847,hint,SCCP/756847
&lt;br /&gt;Line: exten =&gt; 736782,hint,SCCP/736782
&lt;br /&gt;Line: exten =&gt; 938,hint,SCCP/938
&lt;br /&gt;Line: exten =&gt; 227224,hint,SCCP/227224
&lt;br /&gt;Line: exten =&gt; 5282,hint,SCCP/5282
&lt;br /&gt;Line: exten =&gt; 6277243,hint,SCCP/6277243
&lt;br /&gt;Line: exten =&gt; 2836,hint,SCCP/2836
&lt;br /&gt;Line: exten =&gt; 423,hint,SCCP/423
&lt;br /&gt;Line: exten =&gt; 69420,hint,SCCP/69420
&lt;br /&gt;Line: exten =&gt; 18006473487,hint,SCCP/18006473487
&lt;br /&gt;Line: exten =&gt; 18003282868,hint,SCCP/18003282868
&lt;br /&gt;Line: exten =&gt; 267642,hint,SCCP/267642
&lt;br /&gt;Line: exten =&gt; 7976,hint,SCCP/7976
&lt;br /&gt;Line: exten =&gt; 18002254827,hint,SCCP/18002254827
&lt;br /&gt;Line: exten =&gt; 2267465,hint,SIP/899a6
&lt;br /&gt;Line: exten =&gt; 7826763,hint,SCCP/7826763
&lt;br /&gt;Line: exten =&gt; 1005,hint,SIP/618dc
&lt;br /&gt;Line: exten =&gt; 3425,hint,SIP/74286
&lt;br /&gt;Line: exten =&gt; 95,hint,SIP/85D94
&lt;br /&gt;&lt;br /&gt;&lt;h3&gt;Reloading Dialplan&lt;h3&gt;&lt;br&gt;Dialplan reloaded.
Asterisk ending (0).
&lt;/p&gt;&lt;br&gt;&lt;br&gt;&lt;br&gt;&lt;br&gt;&lt;b&gt;Result For ButtonsProcessor&lt;/b&gt;&lt;br&gt;Error: 0&lt;br&gt;Log: &lt;p&gt;&lt;br&gt;&lt;h2&gt;Buttons Processing&lt;/h2&gt;&lt;b&gt;Writing Buttons File: &lt;/b&gt;&lt;br/&gt;Line: button - speeddial, COLLECTIONS, 2655328, 2655328@hints
&lt;br /&gt;Line: button - speeddial, RANDOM, 726366, 726366@hints
&lt;br /&gt;Line: button - speeddial, FUT SALES, 4383858, 4383858@hints
&lt;br /&gt;Line: button - speeddial, Cust Disservice, 3825968, 3825968@hints
&lt;br /&gt;Line: button - speeddial, OPERATOR, 0, 0@hints
&lt;br /&gt;Line: button - speeddial, RANGER HQ, 999, 999@hints
&lt;br /&gt;Line: button - speeddial, West Payphone, 3807, 3807@hints
&lt;br /&gt;Line: button - speeddial, East Payphone, 3802, 3802@hints
&lt;br /&gt;Line: button - speeddial, Effigy Payphone, 3801, 3801@hints
&lt;br /&gt;Line: button - speeddial, X Roads Payphone, 3806, 3806@hints
&lt;br /&gt;Line: button - speeddial, tester, 12345, 12345@hints
&lt;br /&gt;Line: button - speeddial, East Pager, 7201, 7201@hints
&lt;br /&gt;Line: button - speeddial, XRoadsPager, 7202, 7202@hints
&lt;br /&gt;Line: button - speeddial, West Pager, 7203, 7203@hints
&lt;br /&gt;Line: button - speeddial, zonk, 9665, 9665@hints
&lt;br /&gt;Line: button - speeddial, Beer and Darts, 2337, 2337@hints
&lt;br /&gt;Line: button - speeddial, FaceLazers, 5683, 5683@hints
&lt;br /&gt;Line: button - speeddial, Camp Camp, 7722672267, 7722672267@hints
&lt;br /&gt;Line: button - speeddial, Tinder, 786, 786@hints
&lt;br /&gt;Line: button - speeddial, CUDL, 2835, 2835@hints
&lt;br /&gt;Line: button - speeddial, The Dhaba, 8433, 8433@hints
&lt;br /&gt;Line: button - speeddial, WallysCorndogs, 3663, 3663@hints
&lt;br /&gt;Line: button - speeddial, In Burning Color, 55526567, 55526567@hints
&lt;br /&gt;Line: button - speeddial, Yayborhood, 929, 929@hints
&lt;br /&gt;Line: button - speeddial, So Sassy, 208, 208@hints
&lt;br /&gt;Line: button - speeddial, Spin Camp, 7746, 7746@hints
&lt;br /&gt;Line: button - speeddial, Jammie Camp, 52669, 52669@hints
&lt;br /&gt;Line: button - speeddial, Dad Camp, 323, 323@hints
&lt;br /&gt;Line: button - speeddial, Winners Circle, 11111, 11111@hints
&lt;br /&gt;Line: button - speeddial, Sultry Sloth, 756847, 756847@hints
&lt;br /&gt;Line: button - speeddial, Sensation Station, 736782, 736782@hints
&lt;br /&gt;Line: button - speeddial, Circle of Water, 938, 938@hints
&lt;br /&gt;Line: button - speeddial, Casbah, 227224, 227224@hints
&lt;br /&gt;Line: button - speeddial, Lava Lounge, 5282, 5282@hints
&lt;br /&gt;Line: button - speeddial, Liminal, 6277243, 6277243@hints
&lt;br /&gt;Line: button - speeddial, ChillTheFuckOut, 2836, 2836@hints
&lt;br /&gt;Line: button - speeddial, ICE, 423, 423@hints
&lt;br /&gt;Line: button - speeddial, Bad Bitch, 69420, 69420@hints
&lt;br /&gt;Line: button - speeddial, Misfits, 18006473487, 18006473487@hints
&lt;br /&gt;Line: button - speeddial, Tiki Tiki, 18003282868, 18003282868@hints
&lt;br /&gt;Line: button - speeddial, CosmicCreatures, 267642, 267642@hints
&lt;br /&gt;Line: button - speeddial, P Hash House, 7976, 7976@hints
&lt;br /&gt;Line: button - speeddial, VAS, 18002254827, 18002254827@hints
&lt;br /&gt;Line: button - speeddial, CamPINK, 2267465, 2267465@hints
&lt;br /&gt;Line: button - speeddial, Stamp Camp, 7826763, 7826763@hints
&lt;br /&gt;Line: button - speeddial, KFLIP, 1005, 1005@hints
&lt;br /&gt;Line: button - speeddial, R BurnhardAss, 3425, 3425@hints
&lt;br /&gt;Line: button - speeddial, Wonderlounge, 95, 95@hints
&lt;br /&gt;&lt;br /&gt;&lt;br&gt;&lt;b&gt;Combining Buttons Files Into 1&lt;/b&gt;&lt;br&gt;&lt;br&gt;&lt;b&gt;Generating 7960/7965 lists&lt;/b&gt;&lt;br&gt;Writing Buttons File
Writing 7965 Buttons List
&lt;/p&gt;&lt;br&gt;&lt;br&gt;&lt;br&gt;</FullLog>
  <TimeStamp>2023-05-27_1216pm</TimeStamp>
  <Phone>
    <error>1</error>
    <log>ProcessPhone(): 000F9F18ABFA&lt;br&gt;Phone requires action: ADD&lt;br&gt;&lt;h2&gt;Processing SIP Phone: 000F9F18ABFA&lt;/h2&gt;&lt;b&gt;Adding Phone&lt;/b&gt;&lt;br&gt;Adding Phone: 000F9F18ABFA&lt;br&gt;Adding number to asterisk: 5282 - Lava Lounge&lt;br&gt;&lt;h3&gt;An Error Occurred.&lt;/h3&gt;&lt;br&gt;&lt;b&gt;Error!!!&lt;/b&gt;&lt;br&gt;&lt;br&gt;&lt;b&gt;Error Message: &lt;/b&gt;SQLSTATE[23000]: Integrity constraint violation: 1062 Duplicate entry 'default-5282-1' for key 'context'&lt;br /&gt;&lt;br /&gt;&lt;b&gt;Trace: &lt;/b&gt;#0 /var/www/fuconfig/FUConfig.php(123): PDOStatement-&gt;execute(Array)
#1 /var/www/fuconfig/dataclasses/DataClass.php(78): FUConfig::ExecuteParameterQuery('INSERT INTO ast...', Array)
#2 /var/www/fuconfig/dataclasses/DataClass.php(212): DataClass-&gt;ExecuteQueryParameters('INSERT INTO ast...', Array, true)
#3 /var/www/fuconfig/dataclasses/DataClass.php(71): DataClass-&gt;GenericInsertDB(false)
#4 /var/www/fuconfig/asteriskrealtime/SipProcessor.php(159): DataClass-&gt;SaveToDB()
#5 /var/www/fuconfig/asteriskrealtime/SipProcessor.php(87): SipProcessor-&gt;AddToExtensions(Object(Number))
#6 /var/www/fuconfig/asteriskrealtime/SipProcessor.php(50): SipProcessor-&gt;AddToAsterisk(Object(SipPhone), Object(Number))
#7 /var/www/fuconfig/asteriskrealtime/SipProcessor.php(31): SipProcessor-&gt;AddPhone(Object(SipPhone))
#8 /var/www/fuconfig/asteriskrealtime/PhoneProcessor.php(117): SipProcessor-&gt;ProcessPhone(Object(SipPhone), 2, Object(Result))
#9 /var/www/fuconfig/asteriskrealtime/PhoneProcessor.php(69): PhoneProcessor-&gt;ProcessPhone(Object(SipPhone), Object(Result))
#10 /var/www/fuconfig/asteriskrealtime/PhoneProcessor.php(42): PhoneProcessor-&gt;ProcessPhoneList(Object(PhoneList))
#11 /var/www/fuconfig/phone-processing.php(14): PhoneProcessor-&gt;ProcessAllPhones()
#12 {main}&lt;br /&gt;&lt;br /&gt;Unwinding any database adds. (For SCCP: Doesn't do sccpline.)&lt;br&gt;Unwind deleting SIP Phone&lt;br&gt;Deleting Phone: 000F9F18ABFA&lt;br&gt;Deleting data from asterisk for number: 5282 - Lava Lounge. Sippeer id: 441&lt;br&gt;Removing SIP phone by name.000F9F18ABFA&lt;br&gt;</log>
    <phone_id>106</phone_id>
    <phone_serial>000F9F18ABFA</phone_serial>
    <action>add</action>
    <phone_type_name>SIP</phone_type_name>
  </Phone>
  <PhoneProcessorResult>
    <error>1</error>
    <log/>
    <totalModified>1</totalModified>
    <errorCount>1</errorCount>
    <addedCount>1</addedCount>
    <editedCount>0</editedCount>
    <deletedCount>0</deletedCount>
    <deletedAssignments>0</deletedAssignments>
    <deletedPhones>0</deletedPhones>
    <unassignedCount>0</unassignedCount>
  </PhoneProcessorResult>
  <Directories>
    <error>0</error>
    <log>&lt;br&gt;&lt;h2&gt;Directory Processing&lt;/h2&gt;Processing Directory Theme Camp Directory : campdirectory.xml&lt;br&gt;Replacing file with empty directory.&lt;br&gt;Adding Number: Bad Bitch - 69420&lt;br&gt;Adding Number: Beer and Darts - 2337&lt;br&gt;Adding Number: Camp Camp - 7722672267&lt;br&gt;Adding Number: CamPINK - 2267465&lt;br&gt;Adding Number: Casbah - 227224&lt;br&gt;Adding Number: ChillTheFuckOut - 2836&lt;br&gt;Adding Number: Circle of Water - 938&lt;br&gt;Adding Number: CosmicCreatures - 267642&lt;br&gt;Adding Number: CUDL - 2835&lt;br&gt;Adding Number: Dad Camp - 323&lt;br&gt;Adding Number: FaceLazers - 5683&lt;br&gt;Adding Number: In Burning Color - 55526567&lt;br&gt;Adding Number: Jammie Camp - 52669&lt;br&gt;Adding Number: KFLIP - 1005&lt;br&gt;Adding Number: Lava Lounge - 5282&lt;br&gt;Adding Number: Liminal - 6277243&lt;br&gt;Adding Number: Misfits - 18006473487&lt;br&gt;Adding Number: P Hash House - 7976&lt;br&gt;Adding Number: Sensation Station - 736782&lt;br&gt;Adding Number: So Sassy - 208&lt;br&gt;Adding Number: Spin Camp - 7746&lt;br&gt;Adding Number: Stamp Camp - 7826763&lt;br&gt;Adding Number: Sultry Sloth - 756847&lt;br&gt;Adding Number: The Dhaba - 8433&lt;br&gt;Adding Number: Tiki Tiki - 18003282868&lt;br&gt;Adding Number: Tinder - 786&lt;br&gt;Adding Number: WallysCorndogs - 3663&lt;br&gt;Adding Number: Winners Circle - 11111&lt;br&gt;Adding Number: Wonderlounge - 95&lt;br&gt;Adding Number: Yayborhood - 929&lt;br&gt;Processing Directory FUT Corporate : FUTcorpdirectory.xml&lt;br&gt;Replacing file with empty directory.&lt;br&gt;Adding Number: COLLECTIONS - 2655328&lt;br&gt;Adding Number: Cust Disservice - 3825968&lt;br&gt;Adding Number: FUT SALES - 4383858&lt;br&gt;Adding Number: OPERATOR - 0&lt;br&gt;Processing Directory Volunteer Departments : departmentdirectory.xml&lt;br&gt;Replacing file with empty directory.&lt;br&gt;Adding Number: ICE - 423&lt;br&gt;Adding Number: VAS - 18002254827&lt;br&gt;Processing Directory Art : artcarsdirectory.xml&lt;br&gt;Replacing file with empty directory.&lt;br&gt;Adding Number: R BurnhardAss - 3425&lt;br&gt;Adding Number: tester - 12345&lt;br&gt;Processing Directory Pay Phones : payphonedirectory.xml&lt;br&gt;Replacing file with empty directory.&lt;br&gt;Adding Number: East Payphone - 3802&lt;br&gt;Adding Number: Effigy Payphone - 3801&lt;br&gt;Adding Number: West Payphone - 3807&lt;br&gt;Adding Number: X Roads Payphone - 3806&lt;br&gt;Processing Directory Public Address : PAdirectory.xml&lt;br&gt;Replacing file with empty directory.&lt;br&gt;Processing Directory Ranger : rangersdirectory.xml&lt;br&gt;Replacing file with empty directory.&lt;br&gt;Adding Number: RANGER HQ - 999&lt;br&gt;</log>
  </Directories>
  <ExtensionsProcessor>
    <error>0</error>
    <log>&lt;br&gt;&lt;h2&gt;Extension Processing&lt;/h2&gt;&lt;b&gt;Writing Extensions File: &lt;/b&gt;&lt;br/&gt;Line: SCCP/2655328
&lt;br /&gt;Line: SCCP/4383858
&lt;br /&gt;Line: SCCP/3825968
&lt;br /&gt;Line: SCCP/0
&lt;br /&gt;Line: SCCP/3807
&lt;br /&gt;Line: SCCP/3802
&lt;br /&gt;Line: SCCP/3801
&lt;br /&gt;Line: SCCP/3806
&lt;br /&gt;Line: SIP/12345
&lt;br /&gt;Line: SCCP/2337
&lt;br /&gt;Line: SCCP/5683
&lt;br /&gt;Line: SCCP/7722672267
&lt;br /&gt;Line: SCCP/786
&lt;br /&gt;Line: SCCP/2835
&lt;br /&gt;Line: SCCP/8433
&lt;br /&gt;Line: SCCP/3663
&lt;br /&gt;Line: SCCP/55526567
&lt;br /&gt;Line: SCCP/929
&lt;br /&gt;Line: SCCP/208
&lt;br /&gt;Line: SCCP/7746
&lt;br /&gt;Line: SCCP/52669
&lt;br /&gt;Line: SCCP/323
&lt;br /&gt;Line: SCCP/11111
&lt;br /&gt;Line: SCCP/756847
&lt;br /&gt;Line: SCCP/736782
&lt;br /&gt;Line: SCCP/938
&lt;br /&gt;Line: SCCP/227224
&lt;br /&gt;Line: SCCP/5282
&lt;br /&gt;Line: SCCP/6277243
&lt;br /&gt;Line: SCCP/2836
&lt;br /&gt;Line: SCCP/423
&lt;br /&gt;Line: SCCP/69420
&lt;br /&gt;Line: SCCP/18006473487
&lt;br /&gt;Line: SCCP/18003282868
&lt;br /&gt;Line: SCCP/267642
&lt;br /&gt;Line: SCCP/7976
&lt;br /&gt;Line: SCCP/18002254827
&lt;br /&gt;Line: SIP/2267465
&lt;br /&gt;Line: SCCP/7826763
&lt;br /&gt;Line: SIP/1005
&lt;br /&gt;Line: SIP/3425
&lt;br /&gt;Line: SIP/95
&lt;br /&gt;&lt;br /&gt;&lt;br&gt;&lt;b&gt;Combining Extensions Files Into 1&lt;/b&gt;&lt;br&gt;</log>
  </ExtensionsProcessor>
  <HintsProcessor>
    <error>0</error>
    <log>&lt;br&gt;&lt;h2&gt;Hints Processing&lt;/h2&gt;&lt;b&gt;Writing Hints File: &lt;/b&gt;&lt;br/&gt;Line: exten =&gt; 2655328,hint,SCCP/2655328
&lt;br /&gt;Line: exten =&gt; 4383858,hint,SCCP/4383858
&lt;br /&gt;Line: exten =&gt; 3825968,hint,SCCP/3825968
&lt;br /&gt;Line: exten =&gt; 0,hint,SCCP/0
&lt;br /&gt;Line: exten =&gt; 999,hint,SCCP/999
&lt;br /&gt;Line: exten =&gt; 3807,hint,SCCP/3807
&lt;br /&gt;Line: exten =&gt; 3802,hint,SCCP/3802
&lt;br /&gt;Line: exten =&gt; 3801,hint,SCCP/3801
&lt;br /&gt;Line: exten =&gt; 3806,hint,SCCP/3806
&lt;br /&gt;Line: exten =&gt; 12345,hint,SIP/test
&lt;br /&gt;Line: exten =&gt; 7201,hint,SIP/PA36
&lt;br /&gt;Line: exten =&gt; 7202,hint,SIP/PA6
&lt;br /&gt;Line: exten =&gt; 7203,hint,SIP/PA12
&lt;br /&gt;Line: exten =&gt; 9665,hint,SIP/zonk
&lt;br /&gt;Line: exten =&gt; 2337,hint,SCCP/2337
&lt;br /&gt;Line: exten =&gt; 5683,hint,SCCP/5683
&lt;br /&gt;Line: exten =&gt; 7722672267,hint,SCCP/7722672267
&lt;br /&gt;Line: exten =&gt; 786,hint,SCCP/786
&lt;br /&gt;Line: exten =&gt; 2835,hint,SCCP/2835
&lt;br /&gt;Line: exten =&gt; 8433,hint,SCCP/8433
&lt;br /&gt;Line: exten =&gt; 3663,hint,SCCP/3663
&lt;br /&gt;Line: exten =&gt; 55526567,hint,SCCP/55526567
&lt;br /&gt;Line: exten =&gt; 929,hint,SCCP/929
&lt;br /&gt;Line: exten =&gt; 208,hint,SCCP/208
&lt;br /&gt;Line: exten =&gt; 7746,hint,SCCP/7746
&lt;br /&gt;Line: exten =&gt; 52669,hint,SCCP/52669
&lt;br /&gt;Line: exten =&gt; 323,hint,SCCP/323
&lt;br /&gt;Line: exten =&gt; 11111,hint,SCCP/11111
&lt;br /&gt;Line: exten =&gt; 756847,hint,SCCP/756847
&lt;br /&gt;Line: exten =&gt; 736782,hint,SCCP/736782
&lt;br /&gt;Line: exten =&gt; 938,hint,SCCP/938
&lt;br /&gt;Line: exten =&gt; 227224,hint,SCCP/227224
&lt;br /&gt;Line: exten =&gt; 5282,hint,SCCP/5282
&lt;br /&gt;Line: exten =&gt; 6277243,hint,SCCP/6277243
&lt;br /&gt;Line: exten =&gt; 2836,hint,SCCP/2836
&lt;br /&gt;Line: exten =&gt; 423,hint,SCCP/423
&lt;br /&gt;Line: exten =&gt; 69420,hint,SCCP/69420
&lt;br /&gt;Line: exten =&gt; 18006473487,hint,SCCP/18006473487
&lt;br /&gt;Line: exten =&gt; 18003282868,hint,SCCP/18003282868
&lt;br /&gt;Line: exten =&gt; 267642,hint,SCCP/267642
&lt;br /&gt;Line: exten =&gt; 7976,hint,SCCP/7976
&lt;br /&gt;Line: exten =&gt; 18002254827,hint,SCCP/18002254827
&lt;br /&gt;Line: exten =&gt; 2267465,hint,SIP/899a6
&lt;br /&gt;Line: exten =&gt; 7826763,hint,SCCP/7826763
&lt;br /&gt;Line: exten =&gt; 1005,hint,SIP/618dc
&lt;br /&gt;Line: exten =&gt; 3425,hint,SIP/74286
&lt;br /&gt;Line: exten =&gt; 95,hint,SIP/85D94
&lt;br /&gt;&lt;br /&gt;&lt;h3&gt;Reloading Dialplan&lt;h3&gt;&lt;br&gt;Dialplan reloaded.
Asterisk ending (0).
</log>
  </HintsProcessor>
  <ButtonsProcessor>
    <error>0</error>
    <log>&lt;br&gt;&lt;h2&gt;Buttons Processing&lt;/h2&gt;&lt;b&gt;Writing Buttons File: &lt;/b&gt;&lt;br/&gt;Line: button - speeddial, COLLECTIONS, 2655328, 2655328@hints
&lt;br /&gt;Line: button - speeddial, RANDOM, 726366, 726366@hints
&lt;br /&gt;Line: button - speeddial, FUT SALES, 4383858, 4383858@hints
&lt;br /&gt;Line: button - speeddial, Cust Disservice, 3825968, 3825968@hints
&lt;br /&gt;Line: button - speeddial, OPERATOR, 0, 0@hints
&lt;br /&gt;Line: button - speeddial, RANGER HQ, 999, 999@hints
&lt;br /&gt;Line: button - speeddial, West Payphone, 3807, 3807@hints
&lt;br /&gt;Line: button - speeddial, East Payphone, 3802, 3802@hints
&lt;br /&gt;Line: button - speeddial, Effigy Payphone, 3801, 3801@hints
&lt;br /&gt;Line: button - speeddial, X Roads Payphone, 3806, 3806@hints
&lt;br /&gt;Line: button - speeddial, tester, 12345, 12345@hints
&lt;br /&gt;Line: button - speeddial, East Pager, 7201, 7201@hints
&lt;br /&gt;Line: button - speeddial, XRoadsPager, 7202, 7202@hints
&lt;br /&gt;Line: button - speeddial, West Pager, 7203, 7203@hints
&lt;br /&gt;Line: button - speeddial, zonk, 9665, 9665@hints
&lt;br /&gt;Line: button - speeddial, Beer and Darts, 2337, 2337@hints
&lt;br /&gt;Line: button - speeddial, FaceLazers, 5683, 5683@hints
&lt;br /&gt;Line: button - speeddial, Camp Camp, 7722672267, 7722672267@hints
&lt;br /&gt;Line: button - speeddial, Tinder, 786, 786@hints
&lt;br /&gt;Line: button - speeddial, CUDL, 2835, 2835@hints
&lt;br /&gt;Line: button - speeddial, The Dhaba, 8433, 8433@hints
&lt;br /&gt;Line: button - speeddial, WallysCorndogs, 3663, 3663@hints
&lt;br /&gt;Line: button - speeddial, In Burning Color, 55526567, 55526567@hints
&lt;br /&gt;Line: button - speeddial, Yayborhood, 929, 929@hints
&lt;br /&gt;Line: button - speeddial, So Sassy, 208, 208@hints
&lt;br /&gt;Line: button - speeddial, Spin Camp, 7746, 7746@hints
&lt;br /&gt;Line: button - speeddial, Jammie Camp, 52669, 52669@hints
&lt;br /&gt;Line: button - speeddial, Dad Camp, 323, 323@hints
&lt;br /&gt;Line: button - speeddial, Winners Circle, 11111, 11111@hints
&lt;br /&gt;Line: button - speeddial, Sultry Sloth, 756847, 756847@hints
&lt;br /&gt;Line: button - speeddial, Sensation Station, 736782, 736782@hints
&lt;br /&gt;Line: button - speeddial, Circle of Water, 938, 938@hints
&lt;br /&gt;Line: button - speeddial, Casbah, 227224, 227224@hints
&lt;br /&gt;Line: button - speeddial, Lava Lounge, 5282, 5282@hints
&lt;br /&gt;Line: button - speeddial, Liminal, 6277243, 6277243@hints
&lt;br /&gt;Line: button - speeddial, ChillTheFuckOut, 2836, 2836@hints
&lt;br /&gt;Line: button - speeddial, ICE, 423, 423@hints
&lt;br /&gt;Line: button - speeddial, Bad Bitch, 69420, 69420@hints
&lt;br /&gt;Line: button - speeddial, Misfits, 18006473487, 18006473487@hints
&lt;br /&gt;Line: button - speeddial, Tiki Tiki, 18003282868, 18003282868@hints
&lt;br /&gt;Line: button - speeddial, CosmicCreatures, 267642, 267642@hints
&lt;br /&gt;Line: button - speeddial, P Hash House, 7976, 7976@hints
&lt;br /&gt;Line: button - speeddial, VAS, 18002254827, 18002254827@hints
&lt;br /&gt;Line: button - speeddial, CamPINK, 2267465, 2267465@hints
&lt;br /&gt;Line: button - speeddial, Stamp Camp, 7826763, 7826763@hints
&lt;br /&gt;Line: button - speeddial, KFLIP, 1005, 1005@hints
&lt;br /&gt;Line: button - speeddial, R BurnhardAss, 3425, 3425@hints
&lt;br /&gt;Line: button - speeddial, Wonderlounge, 95, 95@hints
&lt;br /&gt;&lt;br /&gt;&lt;br&gt;&lt;b&gt;Combining Buttons Files Into 1&lt;/b&gt;&lt;br&gt;&lt;br&gt;&lt;b&gt;Generating 7960/7965 lists&lt;/b&gt;&lt;br&gt;Writing Buttons File
Writing 7965 Buttons List
</log>
  </ButtonsProcessor>
</xml>
